2021-07-31T21:46:24.569Z [32minfo[39m: 	Server corriendo en puerto 5000
2021-07-31T21:46:46.784Z [32minfo[39m: 	Connected to MongoDB
2021-07-31T21:47:35.524Z [32minfo[39m: 	Servidor corriendo en puerto 5000
2021-07-31T21:47:49.129Z [32minfo[39m: 	Servidor corriendo en puerto 5000
2021-07-31T21:48:12.545Z [32minfo[39m: 	Servidor corriendo en puerto 5000
2021-07-31T21:48:24.259Z [32minfo[39m: 	Servidor corriendo en puerto 5000
2021-07-31T21:48:26.113Z [32minfo[39m: 	Servidor corriendo en puerto 5000
2021-07-31T21:50:15.415Z [32minfo[39m: 	Servidor corriendo en puerto 8080
2021-07-31T21:50:38.045Z [32minfo[39m: 	Connected to MongoDB
2021-07-31T21:55:12.569Z [32minfo[39m: 	Servidor corriendo en puerto 8080
2021-07-31T21:55:14.850Z [32minfo[39m: 	Servidor corriendo en puerto 8080
2021-07-31T21:55:36.914Z [32minfo[39m: 	Connected to MongoDB
2021-07-31T21:57:47.942Z [32minfo[39m: 	Servidor corriendo en puerto 8080
2021-07-31T21:58:09.959Z [32minfo[39m: 	Connected to MongoDB
2021-07-31T21:58:16.078Z [32minfo[39m: 	Servidor corriendo en puerto 8080
2021-07-31T21:58:38.190Z [32minfo[39m: 	Connected to MongoDB
2021-07-31T21:59:14.394Z [32minfo[39m: 	Servidor corriendo en puerto 8080
2021-07-31T21:59:20.732Z [32minfo[39m: 	Servidor corriendo en puerto 8080
2021-07-31T21:59:29.077Z [32minfo[39m: 	Servidor corriendo en puerto 8080
2021-07-31T21:59:30.586Z [32minfo[39m: 	Servidor corriendo en puerto 8080
2021-07-31T21:59:32.645Z [32minfo[39m: 	Servidor corriendo en puerto 8080
2021-07-31T21:59:36.434Z [32minfo[39m: 	Servidor corriendo en puerto 8080
2021-07-31T21:59:37.856Z [32minfo[39m: 	Servidor corriendo en puerto 8080
2021-07-31T21:59:43.591Z [32minfo[39m: 	Servidor corriendo en puerto 8080
2021-07-31T21:59:47.126Z [32minfo[39m: 	Servidor corriendo en puerto 8080
2021-07-31T22:00:09.306Z [32minfo[39m: 	Connected to MongoDB
2021-07-31T22:00:15.449Z [32minfo[39m: 	Servidor corriendo en puerto 8080
2021-07-31T22:00:19.758Z [32minfo[39m: 	Servidor corriendo en puerto 8080
2021-07-31T22:00:23.537Z [32minfo[39m: 	Servidor corriendo en puerto 8080
2021-07-31T22:00:34.748Z [32minfo[39m: 	Servidor corriendo en puerto 8080
2021-07-31T22:00:55.390Z [32minfo[39m: 	Servidor corriendo en puerto 8080
2021-07-31T22:01:10.671Z [32minfo[39m: 	Servidor corriendo en puerto 8080
2021-07-31T22:01:32.812Z [32minfo[39m: 	Connected to MongoDB
2021-07-31T22:04:02.299Z [32minfo[39m: 	Servidor corriendo en puerto 8080
2021-07-31T22:04:24.582Z [32minfo[39m: 	Connected to MongoDB
2021-07-31T22:04:45.874Z [32minfo[39m: 	Servidor corriendo en puerto 8080
2021-07-31T22:04:51.239Z [32minfo[39m: 	Servidor corriendo en puerto 8080
2021-07-31T22:04:58.426Z [32minfo[39m: 	Servidor corriendo en puerto 8080
2021-07-31T22:04:59.663Z [32minfo[39m: 	Servidor corriendo en puerto 8080
2021-07-31T22:05:21.843Z [32minfo[39m: 	Connected to MongoDB
2021-07-31T22:06:00.612Z [32minfo[39m: 	Servidor corriendo en puerto 8080
2021-07-31T22:06:17.253Z [32minfo[39m: 	Servidor corriendo en puerto 8080
2021-07-31T22:06:23.297Z [32minfo[39m: 	Servidor corriendo en puerto 8080
2021-07-31T22:06:28.454Z [32minfo[39m: 	Servidor corriendo en puerto 8080
2021-07-31T22:06:29.736Z [32minfo[39m: 	Servidor corriendo en puerto 8080
2021-07-31T22:06:51.336Z [32minfo[39m: 	Servidor corriendo en puerto 8080
2021-07-31T22:06:55.979Z [32minfo[39m: 	Servidor corriendo en puerto 8080
2021-07-31T22:07:18.195Z [32minfo[39m: 	Connected to MongoDB
2021-07-31T22:08:06.653Z [32minfo[39m: 	Servidor corriendo en puerto 8080
2021-07-31T22:08:20.300Z [32minfo[39m: 	Servidor corriendo en puerto 8080
2021-07-31T22:08:27.301Z [32minfo[39m: 	Servidor corriendo en puerto 8080
2021-07-31T22:08:45.807Z [32minfo[39m: 	Servidor corriendo en puerto 8080
2021-07-31T22:08:47.330Z [32minfo[39m: 	Servidor corriendo en puerto 8080
2021-07-31T22:09:09.517Z [32minfo[39m: 	Connected to MongoDB
2021-07-31T22:09:25.549Z [32minfo[39m: 	Servidor corriendo en puerto 8080
2021-07-31T22:09:49.137Z [32minfo[39m: 	Servidor corriendo en puerto 8080
2021-07-31T22:09:54.659Z [32minfo[39m: 	Servidor corriendo en puerto 8080
2021-07-31T22:10:16.720Z [32minfo[39m: 	Connected to MongoDB
2021-07-31T22:14:01.216Z [32minfo[39m: 	Servidor corriendo en puerto 8080
2021-07-31T22:14:08.511Z [32minfo[39m: 	Servidor corriendo en puerto 8080
2021-07-31T22:14:23.123Z [32minfo[39m: 	Servidor corriendo en puerto 8080
2021-07-31T22:19:26.012Z [32minfo[39m: 	Servidor corriendo en puerto 8080
2021-07-31T22:19:30.800Z [32minfo[39m: 	Servidor corriendo en puerto 8080
2021-07-31T22:19:54.310Z [32minfo[39m: 	Servidor corriendo en puerto 8080
2021-07-31T22:20:09.004Z [32minfo[39m: 	Servidor corriendo en puerto 8080
2021-07-31T22:20:15.447Z [32minfo[39m: 	Servidor corriendo en puerto 8080
2021-07-31T22:20:32.682Z [32minfo[39m: 	Servidor corriendo en puerto 8080
2021-07-31T22:20:35.389Z [32minfo[39m: 	Servidor corriendo en puerto 8080
2021-07-31T22:20:42.388Z [32minfo[39m: 	Servidor corriendo en puerto 8080
2021-07-31T22:20:46.495Z [32minfo[39m: 	Servidor corriendo en puerto 8080
2021-07-31T22:20:47.976Z [32minfo[39m: 	Servidor corriendo en puerto 8080
2021-07-31T22:21:01.652Z [32minfo[39m: 	Servidor corriendo en puerto 8080
2021-07-31T22:21:23.966Z [32minfo[39m: 	Connected to MongoDB
2021-07-31T22:22:01.910Z [32minfo[39m: 	Servidor corriendo en puerto 8080
2021-07-31T22:22:20.114Z [32minfo[39m: 	Servidor corriendo en puerto 8080
2021-07-31T22:22:27.701Z [32minfo[39m: 	Servidor corriendo en puerto 8080
2021-07-31T22:22:34.483Z [32minfo[39m: 	Servidor corriendo en puerto 8080
2021-07-31T22:22:41.097Z [32minfo[39m: 	Servidor corriendo en puerto 8080
2021-07-31T22:22:53.900Z [32minfo[39m: 	Servidor corriendo en puerto 8080
2021-07-31T22:23:00.511Z [32minfo[39m: 	Servidor corriendo en puerto 8080
2021-07-31T22:23:22.600Z [32minfo[39m: 	Connected to MongoDB
2021-07-31T22:30:37.802Z [32minfo[39m: 	Servidor corriendo en puerto 8080
2021-07-31T22:30:46.854Z [32minfo[39m: 	Servidor corriendo en puerto 8080
2021-07-31T22:30:48.236Z [32minfo[39m: 	Servidor corriendo en puerto 8080
2021-07-31T22:31:04.657Z [32minfo[39m: 	Servidor corriendo en puerto 8080
2021-07-31T22:31:26.789Z [32minfo[39m: 	Connected to MongoDB
2021-07-31T22:31:39.303Z [32minfo[39m: 	Servidor corriendo en puerto 8080
2021-07-31T22:31:51.110Z [32minfo[39m: 	Servidor corriendo en puerto 8080
2021-07-31T22:32:04.942Z [32minfo[39m: 	Servidor corriendo en puerto 8080
2021-07-31T22:32:19.764Z [32minfo[39m: 	Servidor corriendo en puerto 8080
2021-07-31T22:32:41.933Z [32minfo[39m: 	Connected to MongoDB
2021-07-31T22:32:43.166Z [32minfo[39m: 	Servidor corriendo en puerto 8080
2021-07-31T22:32:45.050Z [32minfo[39m: 	Servidor corriendo en puerto 8080
2021-07-31T23:24:24.012Z [32minfo[39m: 	Servidor corriendo en puerto 8080
2021-07-31T23:24:46.135Z [32minfo[39m: 	Connected to MongoDB
2021-07-31T23:26:13.083Z [32minfo[39m: 	Servidor corriendo en puerto 8080
2021-07-31T23:26:17.363Z [32minfo[39m: 	Servidor corriendo en puerto 8080
2021-07-31T23:26:18.534Z [32minfo[39m: 	Servidor corriendo en puerto 8080
2021-07-31T23:26:27.525Z [32minfo[39m: 	Servidor corriendo en puerto 8080
2021-07-31T23:26:52.007Z [32minfo[39m: 	Servidor corriendo en puerto 8080
2021-07-31T23:27:14.268Z [32minfo[39m: 	Connected to MongoDB
2021-07-31T23:28:09.731Z [32minfo[39m: 	Servidor corriendo en puerto 8080
2021-07-31T23:28:15.443Z [32minfo[39m: 	Servidor corriendo en puerto 8080
2021-07-31T23:28:23.645Z [32minfo[39m: 	Servidor corriendo en puerto 8080
2021-07-31T23:28:41.853Z [32minfo[39m: 	Servidor corriendo en puerto 8080
2021-07-31T23:28:49.915Z [32minfo[39m: 	Servidor corriendo en puerto 8080
2021-07-31T23:28:51.875Z [32minfo[39m: 	Servidor corriendo en puerto 8080
2021-07-31T23:29:07.311Z [32minfo[39m: 	Servidor corriendo en puerto 8080
2021-07-31T23:29:29.284Z [32minfo[39m: 	Connected to MongoDB
2021-07-31T23:31:24.480Z [32minfo[39m: 	Servidor corriendo en puerto 8080
2021-07-31T23:31:46.567Z [32minfo[39m: 	Connected to MongoDB
2021-07-31T23:32:00.457Z [32minfo[39m: 	Servidor corriendo en puerto 8080
2021-07-31T23:32:12.140Z [32minfo[39m: 	Servidor corriendo en puerto 8080
2021-07-31T23:32:33.983Z [32minfo[39m: 	Connected to MongoDB
2021-07-31T23:32:35.782Z [32minfo[39m: 	Servidor corriendo en puerto 8080
2021-07-31T23:32:57.948Z [32minfo[39m: 	Connected to MongoDB
2021-07-31T23:33:29.614Z [32minfo[39m: 	Servidor corriendo en puerto 8080
2021-07-31T23:33:51.385Z [32minfo[39m: 	Connected to MongoDB
2021-07-31T23:34:03.709Z [32minfo[39m: 	Servidor corriendo en puerto 8080
2021-07-31T23:34:25.592Z [32minfo[39m: 	Connected to MongoDB
2021-07-31T23:34:30.036Z [32minfo[39m: 	Servidor corriendo en puerto 8080
2021-07-31T23:34:35.505Z [32minfo[39m: 	Servidor corriendo en puerto 8080
2021-07-31T23:34:57.417Z [32minfo[39m: 	Connected to MongoDB
2021-07-31T23:35:20.266Z [32minfo[39m: 	Servidor corriendo en puerto 8080
2021-07-31T23:35:23.495Z [32minfo[39m: 	Servidor corriendo en puerto 8080
2021-07-31T23:35:45.655Z [32minfo[39m: 	Connected to MongoDB
2021-07-31T23:38:25.944Z [32minfo[39m: 	Servidor corriendo en puerto 8080
2021-07-31T23:38:35.199Z [32minfo[39m: 	Servidor corriendo en puerto 8080
2021-07-31T23:38:43.124Z [32minfo[39m: 	Servidor corriendo en puerto 8080
2021-07-31T23:39:05.047Z [32minfo[39m: 	Connected to MongoDB
2021-07-31T23:39:07.247Z [32minfo[39m: 	Servidor corriendo en puerto 8080
2021-07-31T23:39:10.532Z [32minfo[39m: 	Servidor corriendo en puerto 8080
2021-07-31T23:39:12.002Z [32minfo[39m: 	Servidor corriendo en puerto 8080
2021-07-31T23:39:28.172Z [32minfo[39m: 	Servidor corriendo en puerto 8080
2021-07-31T23:39:48.692Z [32minfo[39m: 	Servidor corriendo en puerto 8080
2021-07-31T23:40:15.781Z [32minfo[39m: 	Connected to MongoDB
2021-07-31T23:42:58.107Z [32minfo[39m: 	Servidor corriendo en puerto 8080
2021-07-31T23:43:12.350Z [32minfo[39m: 	Servidor corriendo en puerto 8080
2021-07-31T23:43:20.664Z [32minfo[39m: 	Servidor corriendo en puerto 8080
2021-07-31T23:43:27.000Z [32minfo[39m: 	Servidor corriendo en puerto 8080
2021-07-31T23:43:49.052Z [32minfo[39m: 	Connected to MongoDB
2021-07-31T23:54:11.510Z [32minfo[39m: 	Servidor corriendo en puerto 8080
2021-07-31T23:54:33.642Z [32minfo[39m: 	Connected to MongoDB
2021-07-31T23:56:34.919Z [32minfo[39m: 	Servidor corriendo en puerto 8080
2021-07-31T23:56:57.119Z [32minfo[39m: 	Connected to MongoDB
2021-07-31T23:58:57.972Z [32minfo[39m: 	Servidor corriendo en puerto 8080
2021-07-31T23:59:20.058Z [32minfo[39m: 	Connected to MongoDB
2021-07-31T23:59:35.708Z [32minfo[39m: 	Servidor corriendo en puerto 8080
2021-07-31T23:59:41.085Z [32minfo[39m: 	Servidor corriendo en puerto 8080
2021-08-01T00:00:03.198Z [32minfo[39m: 	Connected to MongoDB
2021-08-01T00:03:12.896Z [32minfo[39m: 	Servidor corriendo en puerto 8080
2021-08-01T00:03:34.960Z [32minfo[39m: 	Connected to MongoDB
2021-08-01T00:03:44.560Z [32minfo[39m: 	Servidor corriendo en puerto 8080
2021-08-01T00:04:06.454Z [32minfo[39m: 	Connected to MongoDB
2021-08-01T00:05:09.349Z [32minfo[39m: 	Servidor corriendo en puerto 8080
2021-08-01T00:05:22.310Z [32minfo[39m: 	Servidor corriendo en puerto 8080
2021-08-01T00:05:44.402Z [32minfo[39m: 	Connected to MongoDB
2021-08-01T00:07:53.417Z [32minfo[39m: 	Servidor corriendo en puerto 8080
2021-08-01T00:08:15.312Z [32minfo[39m: 	Connected to MongoDB
2021-08-01T00:08:46.194Z [32minfo[39m: 	Servidor corriendo en puerto 8080
2021-08-01T00:08:47.855Z [32minfo[39m: 	Servidor corriendo en puerto 8080
2021-08-01T00:09:09.796Z [32minfo[39m: 	Connected to MongoDB
2021-08-01T00:11:57.857Z [32minfo[39m: 	Servidor corriendo en puerto 8080
2021-08-01T00:11:59.637Z [32minfo[39m: 	Servidor corriendo en puerto 8080
2021-08-01T00:12:20.835Z [32minfo[39m: 	Servidor corriendo en puerto 8080
2021-08-01T00:12:25.347Z [32minfo[39m: 	Servidor corriendo en puerto 8080
2021-08-01T00:12:26.436Z [32minfo[39m: 	Servidor corriendo en puerto 8080
2021-08-01T00:12:29.764Z [32minfo[39m: 	Servidor corriendo en puerto 8080
2021-08-01T00:12:32.529Z [32minfo[39m: 	Servidor corriendo en puerto 8080
2021-08-01T00:12:34.117Z [32minfo[39m: 	Servidor corriendo en puerto 8080
2021-08-01T00:12:36.677Z [32minfo[39m: 	Servidor corriendo en puerto 8080
2021-08-01T00:12:54.409Z [32minfo[39m: 	Servidor corriendo en puerto 8080
2021-08-01T00:13:00.366Z [32minfo[39m: 	Servidor corriendo en puerto 8080
2021-08-01T00:13:09.109Z [32minfo[39m: 	Servidor corriendo en puerto 8080
2021-08-01T00:13:10.358Z [32minfo[39m: 	Servidor corriendo en puerto 8080
2021-08-01T00:13:19.973Z [32minfo[39m: 	Servidor corriendo en puerto 8080
2021-08-01T00:13:25.321Z [32minfo[39m: 	Servidor corriendo en puerto 8080
2021-08-01T00:13:47.469Z [32minfo[39m: 	Connected to MongoDB
2021-08-01T00:15:31.477Z [32minfo[39m: 	Servidor corriendo en puerto 8080
2021-08-01T00:15:53.663Z [32minfo[39m: 	Connected to MongoDB
2021-08-01T00:17:28.940Z [32minfo[39m: 	Servidor corriendo en puerto 8080
2021-08-01T00:17:32.364Z [32minfo[39m: 	Servidor corriendo en puerto 8080
2021-08-01T00:17:54.579Z [32minfo[39m: 	Connected to MongoDB
2021-08-01T00:18:04.823Z [32minfo[39m: 	Servidor corriendo en puerto 8080
2021-08-01T00:18:26.778Z [32minfo[39m: 	Connected to MongoDB
2021-08-01T00:21:13.896Z [32minfo[39m: 	Servidor corriendo en puerto 8080
2021-08-01T00:21:37.219Z [32minfo[39m: 	Servidor corriendo en puerto 8080
2021-08-01T00:21:38.459Z [32minfo[39m: 	Servidor corriendo en puerto 8080
2021-08-01T00:21:51.213Z [32minfo[39m: 	Servidor corriendo en puerto 8080
2021-08-01T00:21:54.932Z [32minfo[39m: 	Servidor corriendo en puerto 8080
2021-08-01T00:21:59.720Z [32minfo[39m: 	Servidor corriendo en puerto 8080
2021-08-01T00:22:02.364Z [32minfo[39m: 	Servidor corriendo en puerto 8080
2021-08-01T00:22:24.356Z [32minfo[39m: 	Connected to MongoDB
2021-08-01T00:24:11.530Z [32minfo[39m: 	Servidor corriendo en puerto 8080
2021-08-01T00:24:33.560Z [32minfo[39m: 	Connected to MongoDB
2021-08-01T00:28:10.480Z [32minfo[39m: 	Servidor corriendo en puerto 8080
2021-08-01T00:28:32.415Z [32minfo[39m: 	Connected to MongoDB
2021-08-01T00:30:21.518Z [32minfo[39m: 	Servidor corriendo en puerto 8080
2021-08-01T00:30:27.213Z [32minfo[39m: 	Servidor corriendo en puerto 8080
2021-08-01T00:30:49.217Z [32minfo[39m: 	Connected to MongoDB
2021-08-01T00:30:59.409Z [32minfo[39m: 	Servidor corriendo en puerto 8080
2021-08-01T00:31:21.283Z [32minfo[39m: 	Connected to MongoDB
2021-08-01T01:56:14.246Z [32minfo[39m: 	Servidor corriendo en puerto 8080
2021-08-01T01:56:36.626Z [32minfo[39m: 	Connected to MongoDB
2021-08-01T02:05:26.195Z [32minfo[39m: 	Servidor corriendo en puerto 8080
2021-08-01T02:05:49.242Z [32minfo[39m: 	Connected to MongoDB
2021-08-01T02:05:50.554Z [32minfo[39m: 	Servidor corriendo en puerto 8080
2021-08-01T02:05:54.564Z [32minfo[39m: 	Servidor corriendo en puerto 8080
2021-08-01T02:06:16.638Z [32minfo[39m: 	Connected to MongoDB
2021-08-01T02:07:17.781Z [32minfo[39m: 	Servidor corriendo en puerto 8080
2021-08-01T02:07:24.069Z [32minfo[39m: 	Servidor corriendo en puerto 8080
2021-08-01T02:07:46.510Z [32minfo[39m: 	Connected to MongoDB
2021-08-01T02:08:05.332Z [32minfo[39m: 	Servidor corriendo en puerto 8080
2021-08-01T02:08:27.704Z [32minfo[39m: 	Connected to MongoDB
2021-08-01T02:12:12.605Z [32minfo[39m: 	Servidor corriendo en puerto 8080
2021-08-01T02:13:17.286Z [32minfo[39m: 	Servidor corriendo en puerto 8080
2021-08-01T02:13:24.218Z [32minfo[39m: 	Servidor corriendo en puerto 8080
2021-08-01T02:13:25.697Z [32minfo[39m: 	Servidor corriendo en puerto 8080
2021-08-01T02:13:27.970Z [32minfo[39m: 	Servidor corriendo en puerto 8080
2021-08-01T02:13:39.893Z [32minfo[39m: 	Servidor corriendo en puerto 8080
2021-08-01T02:14:01.912Z [32minfo[39m: 	Connected to MongoDB
2021-08-01T02:14:19.132Z [32minfo[39m: 	Servidor corriendo en puerto 8080
2021-08-01T02:14:21.051Z [32minfo[39m: 	Servidor corriendo en puerto 8080
2021-08-01T02:14:22.046Z [32minfo[39m: 	Servidor corriendo en puerto 8080
2021-08-01T02:14:28.420Z [32minfo[39m: 	Servidor corriendo en puerto 8080
2021-08-01T02:14:44.010Z [32minfo[39m: 	Servidor corriendo en puerto 8080
2021-08-01T02:15:06.542Z [32minfo[39m: 	Connected to MongoDB
2021-08-01T02:15:13.900Z [32minfo[39m: 	Servidor corriendo en puerto 8080
2021-08-01T02:15:36.275Z [32minfo[39m: 	Connected to MongoDB
2021-08-01T02:15:50.232Z [32minfo[39m: 	Servidor corriendo en puerto 8080
2021-08-01T02:15:52.296Z [32minfo[39m: 	Servidor corriendo en puerto 8080
2021-08-01T02:15:53.283Z [32minfo[39m: 	Servidor corriendo en puerto 8080
2021-08-01T02:15:57.669Z [32minfo[39m: 	Servidor corriendo en puerto 8080
2021-08-01T02:16:06.805Z [32minfo[39m: 	Servidor corriendo en puerto 8080
2021-08-01T02:16:08.378Z [32minfo[39m: 	Servidor corriendo en puerto 8080
2021-08-01T02:16:30.827Z [32minfo[39m: 	Connected to MongoDB
2021-08-01T02:17:22.253Z [32minfo[39m: 	Servidor corriendo en puerto 8080
2021-08-01T02:17:49.685Z [32minfo[39m: 	Connected to MongoDB
2021-08-01T02:19:12.074Z [32minfo[39m: 	Servidor corriendo en puerto 8080
2021-08-01T02:19:19.285Z [32minfo[39m: 	Servidor corriendo en puerto 8080
2021-08-01T02:19:20.376Z [32minfo[39m: 	Servidor corriendo en puerto 8080
2021-08-01T02:19:42.786Z [32minfo[39m: 	Connected to MongoDB
2021-08-01T02:20:46.804Z [32minfo[39m: 	Servidor corriendo en puerto 8080
2021-08-01T02:20:49.525Z [32minfo[39m: 	Servidor corriendo en puerto 8080
2021-08-01T02:20:53.086Z [32minfo[39m: 	Servidor corriendo en puerto 8080
2021-08-01T02:21:12.649Z [32minfo[39m: 	Servidor corriendo en puerto 8080
2021-08-01T02:21:14.508Z [32minfo[39m: 	Servidor corriendo en puerto 8080
2021-08-01T02:21:37.069Z [32minfo[39m: 	Conectado a MongoDB
2021-08-01T02:22:03.228Z [32minfo[39m: 	Servidor corriendo en puerto 8080
2021-08-01T02:32:06.604Z [32minfo[39m: 	Servidor corriendo en puerto 8080
2021-08-01T02:32:28.900Z [32minfo[39m: 	Conectado a MongoDB
2021-08-01T02:36:42.995Z [32minfo[39m: 	Servidor corriendo en puerto 8080
2021-08-01T02:37:05.338Z [32minfo[39m: 	Conectado a MongoDB
2021-08-01T02:40:30.949Z [32minfo[39m: 	Servidor corriendo en puerto 8080
2021-08-01T02:40:36.349Z [32minfo[39m: 	Servidor corriendo en puerto 8080
2021-08-01T02:40:37.868Z [32minfo[39m: 	Servidor corriendo en puerto 8080
2021-08-01T02:40:40.715Z [32minfo[39m: 	Servidor corriendo en puerto 8080
2021-08-01T02:40:42.682Z [32minfo[39m: 	Servidor corriendo en puerto 8080
2021-08-01T02:41:04.660Z [32minfo[39m: 	Conectado a MongoDB
2021-08-01T02:41:05.868Z [32minfo[39m: 	Servidor corriendo en puerto 8080
2021-08-01T02:41:07.034Z [32minfo[39m: 	Servidor corriendo en puerto 8080
2021-08-01T02:41:08.971Z [32minfo[39m: 	Servidor corriendo en puerto 8080
2021-08-01T02:41:13.783Z [32minfo[39m: 	Servidor corriendo en puerto 8080
2021-08-01T02:41:15.804Z [32minfo[39m: 	Servidor corriendo en puerto 8080
2021-08-01T02:41:19.849Z [32minfo[39m: 	Servidor corriendo en puerto 8080
2021-08-01T02:41:29.979Z [32minfo[39m: 	Servidor corriendo en puerto 8080
2021-08-01T02:41:32.802Z [32minfo[39m: 	Servidor corriendo en puerto 8080
2021-08-01T02:41:49.143Z [32minfo[39m: 	Servidor corriendo en puerto 8080
2021-08-01T02:41:52.106Z [32minfo[39m: 	Servidor corriendo en puerto 8080
2021-08-01T02:42:11.496Z [32minfo[39m: 	Servidor corriendo en puerto 8080
2021-08-01T02:42:16.131Z [32minfo[39m: 	Servidor corriendo en puerto 8080
2021-08-01T02:42:18.227Z [32minfo[39m: 	Servidor corriendo en puerto 8080
2021-08-01T02:42:34.797Z [32minfo[39m: 	Servidor corriendo en puerto 8080
2021-08-01T02:42:37.180Z [32minfo[39m: 	Servidor corriendo en puerto 8080
2021-08-01T02:42:59.460Z [32minfo[39m: 	Conectado a MongoDB
2021-08-01T02:44:00.335Z [32minfo[39m: 	Servidor corriendo en puerto 8080
2021-08-01T02:44:02.480Z [32minfo[39m: 	Servidor corriendo en puerto 8080
2021-08-01T02:44:04.981Z [32minfo[39m: 	Servidor corriendo en puerto 8080
2021-08-01T02:44:07.009Z [32minfo[39m: 	Servidor corriendo en puerto 8080
2021-08-01T02:44:12.069Z [32minfo[39m: 	Servidor corriendo en puerto 8080
2021-08-01T02:44:34.388Z [32minfo[39m: 	Conectado a MongoDB
2021-08-01T02:49:29.515Z [32minfo[39m: 	Servidor corriendo en puerto 8080
2021-08-01T02:49:44.245Z [32minfo[39m: 	Servidor corriendo en puerto 8080
2021-08-01T02:50:00.907Z [32minfo[39m: 	Servidor corriendo en puerto 8080
2021-08-01T02:50:02.638Z [32minfo[39m: 	Servidor corriendo en puerto 8080
2021-08-01T02:50:09.909Z [32minfo[39m: 	Servidor corriendo en puerto 8080
2021-08-01T02:50:14.200Z [32minfo[39m: 	Servidor corriendo en puerto 8080
2021-08-01T02:50:39.922Z [32minfo[39m: 	Conectado a MongoDB
2021-08-01T02:51:55.651Z [32minfo[39m: 	Servidor corriendo en puerto 8080
2021-08-01T02:52:00.053Z [32minfo[39m: 	Servidor corriendo en puerto 8080
2021-08-01T02:52:22.499Z [32minfo[39m: 	Conectado a MongoDB
2021-08-01T02:52:44.459Z [32minfo[39m: 	Servidor corriendo en puerto 8080
2021-08-01T02:53:06.804Z [32minfo[39m: 	Conectado a MongoDB
2021-08-01T02:55:33.035Z [32minfo[39m: 	Servidor corriendo en puerto 8080
2021-08-01T02:55:55.519Z [32minfo[39m: 	Conectado a MongoDB
2021-08-01T02:57:29.687Z [32minfo[39m: 	Servidor corriendo en puerto 8080
2021-08-01T02:57:52.003Z [32minfo[39m: 	Conectado a MongoDB
2021-08-01T02:59:30.693Z [32minfo[39m: 	Servidor corriendo en puerto 8080
2021-08-01T02:59:42.851Z [32minfo[39m: 	Servidor corriendo en puerto 8080
2021-08-01T03:06:46.199Z [32minfo[39m: 	Servidor corriendo en puerto 8080
2021-08-01T03:07:08.663Z [32minfo[39m: 	Conectado a MongoDB
2021-08-01T03:07:30.237Z [32minfo[39m: 	Servidor corriendo en puerto 8080
2021-08-01T03:07:52.606Z [32minfo[39m: 	Conectado a MongoDB
2021-08-01T03:10:17.073Z [32minfo[39m: 	Servidor corriendo en puerto 8080
2021-08-01T03:10:18.422Z [32minfo[39m: 	Servidor corriendo en puerto 8080
2021-08-01T03:10:40.787Z [32minfo[39m: 	Conectado a MongoDB
2021-08-01T03:10:54.484Z [32minfo[39m: 	Servidor corriendo en puerto 8080
2021-08-01T03:11:16.659Z [32minfo[39m: 	Conectado a MongoDB
2021-08-01T03:11:48.738Z [32minfo[39m: 	Servidor corriendo en puerto 8080
2021-08-01T03:12:11.035Z [32minfo[39m: 	Conectado a MongoDB
2021-08-01T03:12:15.553Z [32minfo[39m: 	Servidor corriendo en puerto 8080
2021-08-01T03:12:23.332Z [32minfo[39m: 	Servidor corriendo en puerto 8080
2021-08-01T03:12:31.974Z [32minfo[39m: 	Servidor corriendo en puerto 8080
2021-08-01T03:12:33.810Z [32minfo[39m: 	Servidor corriendo en puerto 8080
2021-08-01T03:12:41.357Z [32minfo[39m: 	Servidor corriendo en puerto 8080
2021-08-01T03:12:47.255Z [32minfo[39m: 	Servidor corriendo en puerto 8080
2021-08-01T03:13:09.566Z [32minfo[39m: 	Conectado a MongoDB
2021-08-01T03:16:19.726Z [32minfo[39m: 	Servidor corriendo en puerto 8080
2021-08-01T03:16:28.078Z [32minfo[39m: 	Servidor corriendo en puerto 8080
2021-08-01T03:16:44.917Z [32minfo[39m: 	Servidor corriendo en puerto 8080
2021-08-01T03:17:07.349Z [32minfo[39m: 	Conectado a MongoDB
2021-08-01T03:19:14.977Z [32minfo[39m: 	Servidor corriendo en puerto 8080
2021-08-01T03:19:19.690Z [32minfo[39m: 	Servidor corriendo en puerto 8080
2021-08-01T03:19:53.848Z [32minfo[39m: 	Servidor corriendo en puerto 8080
2021-08-01T03:19:58.823Z [32minfo[39m: 	Servidor corriendo en puerto 8080
2021-08-01T03:19:59.979Z [32minfo[39m: 	Servidor corriendo en puerto 8080
2021-08-01T03:20:04.845Z [32minfo[39m: 	Servidor corriendo en puerto 8080
2021-08-01T03:20:09.221Z [32minfo[39m: 	Servidor corriendo en puerto 8080
2021-08-01T03:20:10.636Z [32minfo[39m: 	Servidor corriendo en puerto 8080
2021-08-01T03:20:33.054Z [32minfo[39m: 	Conectado a MongoDB
2021-08-01T03:21:16.514Z [32minfo[39m: 	Servidor corriendo en puerto 8080
2021-08-01T03:21:19.648Z [32minfo[39m: 	Servidor corriendo en puerto 8080
2021-08-01T03:21:31.181Z [32minfo[39m: 	Servidor corriendo en puerto 8080
2021-08-01T03:21:53.616Z [32minfo[39m: 	Conectado a MongoDB
2021-08-01T03:29:58.400Z [32minfo[39m: 	Servidor corriendo en puerto 8080
2021-08-01T03:30:13.828Z [32minfo[39m: 	Servidor corriendo en puerto 8080
2021-08-01T03:30:19.082Z [32minfo[39m: 	Servidor corriendo en puerto 8080
2021-08-01T03:30:25.622Z [32minfo[39m: 	Servidor corriendo en puerto 8080
2021-08-01T03:30:28.909Z [32minfo[39m: 	Servidor corriendo en puerto 8080
2021-08-01T03:30:35.756Z [32minfo[39m: 	Servidor corriendo en puerto 8080
2021-08-01T03:30:37.279Z [32minfo[39m: 	Servidor corriendo en puerto 8080
2021-08-01T03:30:39.609Z [32minfo[39m: 	Servidor corriendo en puerto 8080
2021-08-01T03:30:41.087Z [32minfo[39m: 	Servidor corriendo en puerto 8080
2021-08-01T03:30:54.215Z [32minfo[39m: 	Servidor corriendo en puerto 8080
2021-08-01T03:30:57.022Z [32minfo[39m: 	Servidor corriendo en puerto 8080
2021-08-01T03:31:18.417Z [32minfo[39m: 	Servidor corriendo en puerto 8080
2021-08-01T03:31:37.949Z [32minfo[39m: 	Servidor corriendo en puerto 8080
2021-08-01T03:31:44.308Z [32minfo[39m: 	Servidor corriendo en puerto 8080
2021-08-01T03:32:06.590Z [32minfo[39m: 	Conectado a MongoDB
2021-08-01T03:35:00.655Z [32minfo[39m: 	Servidor corriendo en puerto 8080
2021-08-01T03:35:02.473Z [32minfo[39m: 	Servidor corriendo en puerto 8080
2021-08-01T03:35:10.915Z [32minfo[39m: 	Servidor corriendo en puerto 8080
2021-08-01T03:35:16.190Z [32minfo[39m: 	Servidor corriendo en puerto 8080
2021-08-01T03:35:20.381Z [32minfo[39m: 	Servidor corriendo en puerto 8080
2021-08-01T03:35:23.932Z [32minfo[39m: 	Servidor corriendo en puerto 8080
2021-08-01T03:35:42.481Z [32minfo[39m: 	Servidor corriendo en puerto 8080
2021-08-01T03:35:43.745Z [32minfo[39m: 	Servidor corriendo en puerto 8080
2021-08-01T03:35:45.707Z [32minfo[39m: 	Servidor corriendo en puerto 8080
2021-08-01T03:36:00.624Z [32minfo[39m: 	Servidor corriendo en puerto 8080
2021-08-01T03:36:50.773Z [32minfo[39m: 	Servidor corriendo en puerto 8080
2021-08-01T03:36:52.928Z [32minfo[39m: 	Servidor corriendo en puerto 8080
2021-08-01T03:37:00.652Z [32minfo[39m: 	Servidor corriendo en puerto 8080
2021-08-01T03:37:03.623Z [32minfo[39m: 	Servidor corriendo en puerto 8080
2021-08-01T03:37:04.957Z [32minfo[39m: 	Servidor corriendo en puerto 8080
2021-08-01T03:37:10.709Z [32minfo[39m: 	Servidor corriendo en puerto 8080
2021-08-01T03:37:33.149Z [32minfo[39m: 	Conectado a MongoDB
2021-08-01T03:37:55.160Z [32minfo[39m: 	Servidor corriendo en puerto 8080
2021-08-01T03:38:17.370Z [32minfo[39m: 	Conectado a MongoDB
2021-08-01T03:38:37.166Z [32minfo[39m: 	Servidor corriendo en puerto 8080
2021-08-01T03:38:39.412Z [32minfo[39m: 	Servidor corriendo en puerto 8080
2021-08-01T03:39:01.798Z [32minfo[39m: 	Conectado a MongoDB
2021-08-01T03:41:22.855Z [32minfo[39m: 	Servidor corriendo en puerto 8080
2021-08-01T03:41:45.382Z [32minfo[39m: 	Conectado a MongoDB
2021-08-01T03:44:24.670Z [32minfo[39m: 	Servidor corriendo en puerto 8080
2021-08-01T03:44:27.718Z [32minfo[39m: 	Servidor corriendo en puerto 8080
2021-08-01T03:48:56.485Z [32minfo[39m: 	Servidor corriendo en puerto 8080
2021-08-01T03:49:18.881Z [32minfo[39m: 	Conectado a MongoDB
2021-08-01T04:07:26.530Z [32minfo[39m: 	Servidor corriendo en puerto 8080
2021-08-01T04:07:48.872Z [32minfo[39m: 	Conectado a MongoDB
2021-08-01T04:11:44.954Z [32minfo[39m: 	Servidor corriendo en puerto 8080
2021-08-01T04:11:49.171Z [32minfo[39m: 	Servidor corriendo en puerto 8080
2021-08-01T04:11:53.991Z [32minfo[39m: 	Servidor corriendo en puerto 8080
2021-08-01T04:12:16.225Z [32minfo[39m: 	Servidor corriendo en puerto 8080
2021-08-01T04:12:26.556Z [32minfo[39m: 	Servidor corriendo en puerto 8080
2021-08-01T04:16:05.436Z [32minfo[39m: 	Servidor corriendo en puerto 8080
2021-08-01T04:16:27.788Z [32minfo[39m: 	Conectado a MongoDB
2021-08-01T04:16:41.155Z [32minfo[39m: 	Servidor corriendo en puerto 8080
2021-08-01T04:16:45.340Z [32minfo[39m: 	Servidor corriendo en puerto 8080
2021-08-01T04:17:07.608Z [32minfo[39m: 	Conectado a MongoDB
2021-08-01T04:17:44.524Z [32minfo[39m: 	Servidor corriendo en puerto 8080
2021-08-01T04:17:46.923Z [32minfo[39m: 	Servidor corriendo en puerto 8080
2021-08-01T04:17:48.386Z [32minfo[39m: 	Servidor corriendo en puerto 8080
2021-08-01T04:17:49.259Z [32minfo[39m: 	Servidor corriendo en puerto 8080
2021-08-01T04:17:54.288Z [32minfo[39m: 	Servidor corriendo en puerto 8080
2021-08-01T04:18:16.462Z [32minfo[39m: 	Conectado a MongoDB
2021-08-01T04:22:08.558Z [32minfo[39m: 	Servidor corriendo en puerto 8080
2021-08-01T04:22:10.377Z [32minfo[39m: 	Servidor corriendo en puerto 8080
2021-08-01T04:22:11.760Z [32minfo[39m: 	Servidor corriendo en puerto 8080
2021-08-01T04:22:33.988Z [32minfo[39m: 	Conectado a MongoDB
2021-08-01T04:22:35.221Z [32minfo[39m: 	Servidor corriendo en puerto 8080
2021-08-01T04:22:43.508Z [32minfo[39m: 	Servidor corriendo en puerto 8080
2021-08-01T04:22:47.775Z [32minfo[39m: 	Servidor corriendo en puerto 8080
2021-08-01T04:23:10.114Z [32minfo[39m: 	Conectado a MongoDB
2021-08-01T04:25:40.752Z [32minfo[39m: 	Servidor corriendo en puerto 8080
2021-08-01T04:26:00.131Z [32minfo[39m: 	Servidor corriendo en puerto 8080
2021-08-01T04:26:03.679Z [32minfo[39m: 	Servidor corriendo en puerto 8080
2021-08-01T04:26:22.072Z [32minfo[39m: 	Servidor corriendo en puerto 8080
2021-08-01T04:26:33.887Z [32minfo[39m: 	Servidor corriendo en puerto 8080
2021-08-01T04:26:43.197Z [32minfo[39m: 	Servidor corriendo en puerto 8080
2021-08-01T04:26:48.854Z [32minfo[39m: 	Servidor corriendo en puerto 8080
2021-08-01T04:26:59.472Z [32minfo[39m: 	Servidor corriendo en puerto 8080
2021-08-01T04:27:21.663Z [32minfo[39m: 	Conectado a MongoDB
2021-08-01T04:27:24.808Z [32minfo[39m: 	Servidor corriendo en puerto 8080
2021-08-01T04:27:26.967Z [32minfo[39m: 	Servidor corriendo en puerto 8080
2021-08-01T04:27:32.297Z [32minfo[39m: 	Servidor corriendo en puerto 8080
2021-08-01T04:27:38.091Z [32minfo[39m: 	Servidor corriendo en puerto 8080
2021-08-01T04:28:00.356Z [32minfo[39m: 	Conectado a MongoDB
2021-08-01T04:30:32.872Z [32minfo[39m: 	Servidor corriendo en puerto 8080
2021-08-01T04:34:11.278Z [32minfo[39m: 	Servidor corriendo en puerto 8080
2021-08-01T04:34:18.032Z [32minfo[39m: 	Servidor corriendo en puerto 8080
2021-08-01T04:34:19.981Z [32minfo[39m: 	Servidor corriendo en puerto 8080
2021-08-01T04:34:21.741Z [32minfo[39m: 	Servidor corriendo en puerto 8080
2021-08-01T04:34:44.060Z [32minfo[39m: 	Conectado a MongoDB
2021-08-01T04:35:24.231Z [32minfo[39m: 	Servidor corriendo en puerto 8080
2021-08-01T04:35:46.470Z [32minfo[39m: 	Conectado a MongoDB
2021-08-01T04:36:02.029Z [32minfo[39m: 	Servidor corriendo en puerto 8080
2021-08-01T04:36:24.249Z [32minfo[39m: 	Conectado a MongoDB
2021-08-01T04:39:10.669Z [32minfo[39m: 	Servidor corriendo en puerto 8080
2021-08-01T04:39:32.866Z [32minfo[39m: 	Conectado a MongoDB
2021-08-01T04:41:39.053Z [32minfo[39m: 	Servidor corriendo en puerto 8080
2021-08-01T04:41:50.885Z [32minfo[39m: 	Servidor corriendo en puerto 8080
2021-08-01T04:42:13.144Z [32minfo[39m: 	Conectado a MongoDB
2021-08-01T04:45:39.040Z [32minfo[39m: 	Servidor corriendo en puerto 8080
2021-08-01T04:45:42.861Z [32minfo[39m: 	Servidor corriendo en puerto 8080
2021-08-01T04:46:05.216Z [32minfo[39m: 	Servidor corriendo en puerto 8080
2021-08-01T04:46:11.127Z [32minfo[39m: 	Servidor corriendo en puerto 8080
2021-08-01T04:46:33.182Z [32minfo[39m: 	Conectado a MongoDB
2021-08-01T04:49:25.589Z [32minfo[39m: 	Servidor corriendo en puerto 8080
2021-08-01T04:49:47.769Z [32minfo[39m: 	Conectado a MongoDB
2021-08-01T04:50:10.428Z [32minfo[39m: 	Servidor corriendo en puerto 8080
2021-08-01T04:50:32.542Z [32minfo[39m: 	Conectado a MongoDB
2021-08-01T04:51:17.596Z [32minfo[39m: 	Servidor corriendo en puerto 8080
2021-08-01T04:51:18.801Z [32minfo[39m: 	Servidor corriendo en puerto 8080
2021-08-01T04:51:37.890Z [32minfo[39m: 	Servidor corriendo en puerto 8080
2021-08-01T04:51:52.911Z [32minfo[39m: 	Servidor corriendo en puerto 8080
2021-08-01T04:51:53.841Z [32minfo[39m: 	Servidor corriendo en puerto 8080
2021-08-01T04:51:58.355Z [32minfo[39m: 	Servidor corriendo en puerto 8080
2021-08-01T04:52:00.032Z [32minfo[39m: 	Servidor corriendo en puerto 8080
2021-08-01T04:52:22.203Z [32minfo[39m: 	Conectado a MongoDB
2021-08-01T04:53:33.401Z [32minfo[39m: 	Servidor corriendo en puerto 8080
2021-08-01T04:53:34.908Z [32minfo[39m: 	Servidor corriendo en puerto 8080
2021-08-01T04:53:57.155Z [32minfo[39m: 	Conectado a MongoDB
2021-08-01T04:58:20.442Z [32minfo[39m: 	Servidor corriendo en puerto 8080
2021-08-01T04:58:30.318Z [32minfo[39m: 	Servidor corriendo en puerto 8080
2021-08-01T04:58:33.159Z [32minfo[39m: 	Servidor corriendo en puerto 8080
2021-08-01T04:58:40.340Z [32minfo[39m: 	Servidor corriendo en puerto 8080
2021-08-01T04:59:02.507Z [32minfo[39m: 	Conectado a MongoDB
2021-08-01T15:33:10.346Z [32minfo[39m: 	Servidor corriendo en puerto 8080
2021-08-01T15:33:32.799Z [32minfo[39m: 	Conectado a MongoDB
2021-08-01T15:34:37.448Z [32minfo[39m: 	Servidor corriendo en puerto 8080
2021-08-01T15:34:39.302Z [32minfo[39m: 	Servidor corriendo en puerto 8080
2021-08-01T15:34:46.863Z [32minfo[39m: 	Servidor corriendo en puerto 8080
2021-08-01T15:34:54.123Z [32minfo[39m: 	Servidor corriendo en puerto 8080
2021-08-01T15:35:16.461Z [32minfo[39m: 	Conectado a MongoDB
2021-08-01T15:40:55.324Z [32minfo[39m: 	Servidor corriendo en puerto 8080
2021-08-01T15:40:59.117Z [32minfo[39m: 	Servidor corriendo en puerto 8080
2021-08-01T15:41:15.020Z [32minfo[39m: 	Servidor corriendo en puerto 8080
2021-08-01T15:41:21.010Z [32minfo[39m: 	Servidor corriendo en puerto 8080
2021-08-01T15:41:29.800Z [32minfo[39m: 	Servidor corriendo en puerto 8080
2021-08-01T15:41:40.071Z [32minfo[39m: 	Servidor corriendo en puerto 8080
2021-08-01T15:41:46.620Z [32minfo[39m: 	Servidor corriendo en puerto 8080
2021-08-01T15:42:01.894Z [32minfo[39m: 	Servidor corriendo en puerto 8080
2021-08-01T15:42:06.168Z [32minfo[39m: 	Servidor corriendo en puerto 8080
2021-08-01T15:42:08.958Z [32minfo[39m: 	Servidor corriendo en puerto 8080
2021-08-01T15:42:10.798Z [32minfo[39m: 	Servidor corriendo en puerto 8080
2021-08-01T15:42:13.151Z [32minfo[39m: 	Servidor corriendo en puerto 8080
2021-08-01T15:42:35.461Z [32minfo[39m: 	Conectado a MongoDB
2021-08-01T16:05:08.045Z [32minfo[39m: 	Servidor corriendo en puerto 8080
2021-08-01T16:05:10.422Z [32minfo[39m: 	Servidor corriendo en puerto 8080
2021-08-01T16:05:32.762Z [32minfo[39m: 	Conectado a MongoDB
2021-08-01T16:09:25.466Z [32minfo[39m: 	Servidor corriendo en puerto 8080
2021-08-01T16:09:27.174Z [32minfo[39m: 	Servidor corriendo en puerto 8080
2021-08-01T16:09:31.034Z [32minfo[39m: 	Servidor corriendo en puerto 8080
2021-08-01T16:09:53.219Z [32minfo[39m: 	Conectado a MongoDB
2021-08-01T16:10:33.125Z [32minfo[39m: 	Servidor corriendo en puerto 8080
2021-08-01T16:10:34.285Z [32minfo[39m: 	Servidor corriendo en puerto 8080
2021-08-01T16:10:40.077Z [32minfo[39m: 	Servidor corriendo en puerto 8080
2021-08-01T16:10:43.383Z [32minfo[39m: 	Servidor corriendo en puerto 8080
2021-08-01T16:11:05.649Z [32minfo[39m: 	Conectado a MongoDB
2021-08-01T16:22:01.860Z [32minfo[39m: 	Servidor corriendo en puerto 8080
2021-08-01T16:22:05.507Z [32minfo[39m: 	Servidor corriendo en puerto 8080
2021-08-01T16:22:10.579Z [32minfo[39m: 	Servidor corriendo en puerto 8080
2021-08-01T16:22:13.587Z [32minfo[39m: 	Servidor corriendo en puerto 8080
2021-08-01T16:22:15.957Z [32minfo[39m: 	Servidor corriendo en puerto 8080
2021-08-01T16:22:17.888Z [32minfo[39m: 	Servidor corriendo en puerto 8080
2021-08-01T16:22:19.226Z [32minfo[39m: 	Servidor corriendo en puerto 8080
2021-08-01T16:22:27.629Z [32minfo[39m: 	Servidor corriendo en puerto 8080
2021-08-01T16:22:39.364Z [32minfo[39m: 	Servidor corriendo en puerto 8080
2021-08-01T16:23:01.655Z [32minfo[39m: 	Conectado a MongoDB
2021-08-01T16:23:15.887Z [32minfo[39m: 	Servidor corriendo en puerto 8080
2021-08-01T16:23:38.042Z [32minfo[39m: 	Conectado a MongoDB
2021-08-01T16:23:42.294Z [32minfo[39m: 	Servidor corriendo en puerto 8080
2021-08-01T16:23:58.853Z [32minfo[39m: 	Servidor corriendo en puerto 8080
2021-08-01T16:24:02.681Z [32minfo[39m: 	Servidor corriendo en puerto 8080
2021-08-01T16:24:04.175Z [32minfo[39m: 	Servidor corriendo en puerto 8080
2021-08-01T16:24:26.313Z [32minfo[39m: 	Conectado a MongoDB
2021-08-01T16:24:44.545Z [32minfo[39m: 	Servidor corriendo en puerto 8080
2021-08-01T16:25:07.217Z [32minfo[39m: 	Servidor corriendo en puerto 8080
2021-08-01T16:25:09.873Z [32minfo[39m: 	Servidor corriendo en puerto 8080
2021-08-01T16:25:14.513Z [32minfo[39m: 	Servidor corriendo en puerto 8080
2021-08-01T16:25:27.929Z [32minfo[39m: 	Servidor corriendo en puerto 8080
2021-08-01T16:25:34.467Z [32minfo[39m: 	Servidor corriendo en puerto 8080
2021-08-01T16:25:56.492Z [32minfo[39m: 	Conectado a MongoDB
2021-08-01T16:26:11.390Z [32minfo[39m: 	Servidor corriendo en puerto 8080
2021-08-01T16:26:13.560Z [32minfo[39m: 	Servidor corriendo en puerto 8080
2021-08-01T16:26:14.797Z [32minfo[39m: 	Servidor corriendo en puerto 8080
2021-08-01T16:26:16.056Z [32minfo[39m: 	Servidor corriendo en puerto 8080
2021-08-01T16:26:38.281Z [32minfo[39m: 	Conectado a MongoDB
2021-08-01T16:26:51.751Z [32minfo[39m: 	Servidor corriendo en puerto 8080
2021-08-01T16:26:57.610Z [32minfo[39m: 	Servidor corriendo en puerto 8080
2021-08-01T16:26:59.629Z [32minfo[39m: 	Servidor corriendo en puerto 8080
2021-08-01T16:27:01.968Z [32minfo[39m: 	Servidor corriendo en puerto 8080
2021-08-01T16:27:05.673Z [32minfo[39m: 	Servidor corriendo en puerto 8080
2021-08-01T16:27:14.170Z [32minfo[39m: 	Servidor corriendo en puerto 8080
2021-08-01T16:27:36.256Z [32minfo[39m: 	Conectado a MongoDB
2021-08-01T16:33:24.600Z [32minfo[39m: 	Servidor corriendo en puerto 8080
2021-08-01T16:33:46.831Z [32minfo[39m: 	Conectado a MongoDB
2021-08-01T16:34:01.377Z [32minfo[39m: 	Servidor corriendo en puerto 8080
2021-08-01T16:34:23.641Z [32minfo[39m: 	Conectado a MongoDB
2021-08-01T16:51:56.763Z [32minfo[39m: 	Servidor corriendo en puerto 8080
2021-08-01T16:52:18.980Z [32minfo[39m: 	Conectado a MongoDB
2021-08-01T16:53:26.367Z [32minfo[39m: 	Servidor corriendo en puerto 8080
2021-08-01T16:53:48.621Z [32minfo[39m: 	Conectado a MongoDB
2021-08-01T16:55:41.817Z [32minfo[39m: 	Servidor corriendo en puerto 8080
2021-08-01T16:55:43.435Z [32minfo[39m: 	Servidor corriendo en puerto 8080
2021-08-01T16:55:46.135Z [32minfo[39m: 	Servidor corriendo en puerto 8080
2021-08-01T16:55:59.289Z [32minfo[39m: 	Servidor corriendo en puerto 8080
2021-08-01T16:56:01.425Z [32minfo[39m: 	Servidor corriendo en puerto 8080
2021-08-01T16:56:09.526Z [32minfo[39m: 	Servidor corriendo en puerto 8080
2021-08-01T16:56:13.128Z [32minfo[39m: 	Servidor corriendo en puerto 8080
2021-08-01T16:56:16.920Z [32minfo[39m: 	Servidor corriendo en puerto 8080
2021-08-01T16:56:19.700Z [32minfo[39m: 	Servidor corriendo en puerto 8080
2021-08-01T16:56:34.856Z [32minfo[39m: 	Servidor corriendo en puerto 8080
2021-08-01T16:56:51.172Z [32minfo[39m: 	Servidor corriendo en puerto 8080
2021-08-01T16:56:52.600Z [32minfo[39m: 	Servidor corriendo en puerto 8080
2021-08-01T16:57:01.061Z [32minfo[39m: 	Servidor corriendo en puerto 8080
2021-08-01T16:57:05.973Z [32minfo[39m: 	Servidor corriendo en puerto 8080
2021-08-01T16:57:28.295Z [32minfo[39m: 	Conectado a MongoDB
2021-08-01T16:59:05.055Z [32minfo[39m: 	Servidor corriendo en puerto 8080
2021-08-01T16:59:06.443Z [32minfo[39m: 	Servidor corriendo en puerto 8080
2021-08-01T16:59:17.848Z [32minfo[39m: 	Servidor corriendo en puerto 8080
2021-08-01T16:59:21.551Z [32minfo[39m: 	Servidor corriendo en puerto 8080
2021-08-01T16:59:58.884Z [32minfo[39m: 	Servidor corriendo en puerto 8080
2021-08-01T17:00:20.996Z [32minfo[39m: 	Conectado a MongoDB
2021-08-01T17:02:47.361Z [32minfo[39m: 	Servidor corriendo en puerto 8080
2021-08-01T17:03:09.582Z [32minfo[39m: 	Conectado a MongoDB
2021-08-01T17:08:20.147Z [32minfo[39m: 	Servidor corriendo en puerto 8080
2021-08-01T17:08:25.221Z [32minfo[39m: 	Servidor corriendo en puerto 8080
2021-08-01T17:08:28.921Z [32minfo[39m: 	Servidor corriendo en puerto 8080
2021-08-01T17:08:32.179Z [32minfo[39m: 	Servidor corriendo en puerto 8080
2021-08-01T17:08:41.363Z [32minfo[39m: 	Servidor corriendo en puerto 8080
2021-08-01T17:09:03.564Z [32minfo[39m: 	Conectado a MongoDB
2021-08-01T17:13:07.507Z [32minfo[39m: 	Servidor corriendo en puerto 8080
2021-08-01T17:13:09.450Z [32minfo[39m: 	Servidor corriendo en puerto 8080
2021-08-01T17:13:19.476Z [32minfo[39m: 	Servidor corriendo en puerto 8080
2021-08-01T17:13:41.654Z [32minfo[39m: 	Conectado a MongoDB
2021-08-01T17:15:03.372Z [32minfo[39m: 	Servidor corriendo en puerto 8080
2021-08-01T17:15:05.999Z [32minfo[39m: 	Servidor corriendo en puerto 8080
2021-08-01T17:15:28.198Z [32minfo[39m: 	Conectado a MongoDB
2021-08-01T17:15:32.820Z [32minfo[39m: 	Servidor corriendo en puerto 8080
2021-08-01T17:16:05.387Z [32minfo[39m: 	Servidor corriendo en puerto 8080
2021-08-01T17:16:48.920Z [32minfo[39m: 	Servidor corriendo en puerto 8080
2021-08-01T17:16:50.997Z [32minfo[39m: 	Servidor corriendo en puerto 8080
2021-08-01T17:16:53.046Z [32minfo[39m: 	Servidor corriendo en puerto 8080
2021-08-01T17:16:55.926Z [32minfo[39m: 	Servidor corriendo en puerto 8080
2021-08-01T17:16:58.267Z [32minfo[39m: 	Servidor corriendo en puerto 8080
2021-08-01T17:17:00.082Z [32minfo[39m: 	Servidor corriendo en puerto 8080
2021-08-01T17:17:03.889Z [32minfo[39m: 	Servidor corriendo en puerto 8080
2021-08-01T17:17:05.262Z [32minfo[39m: 	Servidor corriendo en puerto 8080
2021-08-01T17:17:07.589Z [32minfo[39m: 	Servidor corriendo en puerto 8080
2021-08-01T17:17:08.586Z [32minfo[39m: 	Servidor corriendo en puerto 8080
2021-08-01T17:17:10.280Z [32minfo[39m: 	Servidor corriendo en puerto 8080
2021-08-01T17:17:14.181Z [32minfo[39m: 	Servidor corriendo en puerto 8080
2021-08-01T17:17:17.631Z [32minfo[39m: 	Servidor corriendo en puerto 8080
2021-08-01T17:17:39.948Z [32minfo[39m: 	Conectado a MongoDB
2021-08-01T17:17:51.534Z [32minfo[39m: 	Servidor corriendo en puerto 8080
2021-08-01T17:17:52.737Z [32minfo[39m: 	Servidor corriendo en puerto 8080
2021-08-01T17:18:14.915Z [32minfo[39m: 	Conectado a MongoDB
2021-08-01T17:20:50.563Z [32minfo[39m: 	Servidor corriendo en puerto 8080
2021-08-01T17:20:52.581Z [32minfo[39m: 	Servidor corriendo en puerto 8080
2021-08-01T17:20:55.290Z [32minfo[39m: 	Servidor corriendo en puerto 8080
2021-08-01T17:20:59.211Z [32minfo[39m: 	Servidor corriendo en puerto 8080
2021-08-01T17:21:01.709Z [32minfo[39m: 	Servidor corriendo en puerto 8080
2021-08-01T17:21:24.705Z [32minfo[39m: 	Servidor corriendo en puerto 8080
2021-08-01T17:21:36.460Z [32minfo[39m: 	Servidor corriendo en puerto 8080
2021-08-01T17:21:38.126Z [32minfo[39m: 	Servidor corriendo en puerto 8080
2021-08-01T17:22:00.158Z [32minfo[39m: 	Conectado a MongoDB
2021-08-01T20:23:26.254Z [32minfo[39m: 	Servidor corriendo en puerto 8080
2021-08-01T20:23:48.276Z [32minfo[39m: 	Conectado a MongoDB
2021-08-01T20:24:23.610Z [32minfo[39m: 	Servidor corriendo en puerto 8080
2021-08-01T20:24:46.057Z [32minfo[39m: 	Conectado a MongoDB
2021-08-01T20:24:53.842Z [32minfo[39m: 	Servidor corriendo en puerto 8080
2021-08-01T20:25:16.087Z [32minfo[39m: 	Conectado a MongoDB
2021-08-01T20:25:25.032Z [32minfo[39m: 	Servidor corriendo en puerto 8080
2021-08-01T20:25:47.321Z [32minfo[39m: 	Conectado a MongoDB
2021-08-01T20:27:49.768Z [32minfo[39m: 	Servidor corriendo en puerto 8080
2021-08-01T20:28:11.984Z [32minfo[39m: 	Conectado a MongoDB
2021-08-01T20:30:05.257Z [32minfo[39m: 	Servidor corriendo en puerto 8080
2021-08-01T20:30:27.589Z [32minfo[39m: 	Conectado a MongoDB
2021-08-01T20:30:43.579Z [32minfo[39m: 	Servidor corriendo en puerto 8080
2021-08-01T20:30:51.086Z [32minfo[39m: 	Servidor corriendo en puerto 8080
2021-08-01T20:30:53.560Z [32minfo[39m: 	Servidor corriendo en puerto 8080
2021-08-01T20:30:56.178Z [32minfo[39m: 	Servidor corriendo en puerto 8080
2021-08-01T20:31:00.662Z [32minfo[39m: 	Servidor corriendo en puerto 8080
2021-08-01T20:31:03.904Z [32minfo[39m: 	Servidor corriendo en puerto 8080
2021-08-01T20:31:25.841Z [32minfo[39m: 	Conectado a MongoDB
2021-08-01T20:31:45.221Z [32minfo[39m: 	Servidor corriendo en puerto 8080
2021-08-01T20:32:07.150Z [32minfo[39m: 	Conectado a MongoDB
2021-08-01T20:32:11.434Z [32minfo[39m: 	Servidor corriendo en puerto 8080
2021-08-01T20:32:33.516Z [32minfo[39m: 	Conectado a MongoDB
2021-08-01T20:42:11.398Z [32minfo[39m: 	Servidor corriendo en puerto 8080
2021-08-01T20:42:14.042Z [32minfo[39m: 	Servidor corriendo en puerto 8080
2021-08-01T20:42:21.779Z [32minfo[39m: 	Servidor corriendo en puerto 8080
2021-08-01T20:42:30.847Z [32minfo[39m: 	Servidor corriendo en puerto 8080
2021-08-01T20:42:33.044Z [32minfo[39m: 	Servidor corriendo en puerto 8080
2021-08-01T20:42:44.070Z [32minfo[39m: 	Servidor corriendo en puerto 8080
2021-08-01T20:42:50.187Z [32minfo[39m: 	Servidor corriendo en puerto 8080
2021-08-01T20:42:52.709Z [32minfo[39m: 	Servidor corriendo en puerto 8080
2021-08-01T20:43:15.028Z [32minfo[39m: 	Conectado a MongoDB
2021-08-01T20:44:34.292Z [32minfo[39m: 	Servidor corriendo en puerto 8080
2021-08-01T20:44:38.184Z [32minfo[39m: 	Servidor corriendo en puerto 8080
2021-08-01T20:44:41.137Z [32minfo[39m: 	Servidor corriendo en puerto 8080
2021-08-01T20:45:03.425Z [32minfo[39m: 	Conectado a MongoDB
2021-08-01T20:46:04.736Z [32minfo[39m: 	Servidor corriendo en puerto 8080
2021-08-01T20:46:21.314Z [32minfo[39m: 	Servidor corriendo en puerto 5000
2021-08-01T20:46:43.557Z [32minfo[39m: 	Conectado a MongoDB
2021-08-01T20:53:19.411Z [32minfo[39m: 	Servidor corriendo en puerto 8080
2021-08-01T20:53:41.611Z [32minfo[39m: 	Conectado a MongoDB
2021-08-01T20:55:33.430Z [32minfo[39m: 	Servidor corriendo en puerto 8080
2021-08-01T20:55:55.722Z [32minfo[39m: 	Conectado a MongoDB
2021-08-01T21:04:00.988Z [32minfo[39m: 	Servidor corriendo en puerto 8080
2021-08-01T21:04:07.630Z [32minfo[39m: 	Servidor corriendo en puerto 8080
2021-08-01T21:04:20.386Z [32minfo[39m: 	Servidor corriendo en puerto 8080
2021-08-01T21:04:42.627Z [32minfo[39m: 	Conectado a MongoDB
2021-08-01T21:05:18.544Z [32minfo[39m: 	Servidor corriendo en puerto 8080
2021-08-01T21:06:17.385Z [32minfo[39m: 	Servidor corriendo en puerto 8080
2021-08-01T21:06:39.688Z [32minfo[39m: 	Conectado a MongoDB
2021-08-01T21:07:26.759Z [32minfo[39m: 	Servidor corriendo en puerto 8080
2021-08-01T21:07:39.725Z [32minfo[39m: 	Servidor corriendo en puerto 8080
2021-08-01T21:07:49.730Z [32minfo[39m: 	Servidor corriendo en puerto 8080
2021-08-01T21:07:59.191Z [32minfo[39m: 	Servidor corriendo en puerto 8080
2021-08-01T21:08:17.374Z [32minfo[39m: 	Servidor corriendo en puerto 5000
2021-08-01T21:08:17.395Z [32minfo[39m: 	Servidor corriendo en puerto 5000
2021-08-01T21:08:17.414Z [32minfo[39m: 	Servidor corriendo en puerto 5000
2021-08-01T21:08:17.459Z [32minfo[39m: 	Servidor corriendo en puerto 5000
2021-08-01T21:08:17.454Z [32minfo[39m: 	Servidor corriendo en puerto 5000
2021-08-01T21:08:17.479Z [32minfo[39m: 	Servidor corriendo en puerto 5000
2021-08-01T21:08:17.498Z [32minfo[39m: 	Servidor corriendo en puerto 5000
2021-08-01T21:08:17.533Z [32minfo[39m: 	Servidor corriendo en puerto 5000
2021-08-01T21:08:39.203Z [32minfo[39m: 	Conectado a MongoDB
2021-08-01T21:08:39.215Z [32minfo[39m: 	Conectado a MongoDB
2021-08-01T21:08:39.228Z [32minfo[39m: 	Conectado a MongoDB
2021-08-01T21:08:39.247Z [32minfo[39m: 	Conectado a MongoDB
2021-08-01T21:08:39.264Z [32minfo[39m: 	Conectado a MongoDB
2021-08-01T21:08:39.269Z [32minfo[39m: 	Conectado a MongoDB
2021-08-01T21:08:39.348Z [32minfo[39m: 	Conectado a MongoDB
2021-08-01T21:08:39.351Z [32minfo[39m: 	Conectado a MongoDB
2021-08-01T21:09:40.960Z [32minfo[39m: 	Servidor corriendo en puerto 5000
2021-08-01T21:09:40.963Z [32minfo[39m: 	Servidor corriendo en puerto 5000
2021-08-01T21:09:41.003Z [32minfo[39m: 	Servidor corriendo en puerto 5000
2021-08-01T21:09:41.049Z [32minfo[39m: 	Servidor corriendo en puerto 5000
2021-08-01T21:09:41.049Z [32minfo[39m: 	Servidor corriendo en puerto 5000
2021-08-01T21:09:41.061Z [32minfo[39m: 	Servidor corriendo en puerto 5000
2021-08-01T21:09:41.073Z [32minfo[39m: 	Servidor corriendo en puerto 5000
2021-08-01T21:09:41.093Z [32minfo[39m: 	Servidor corriendo en puerto 5000
2021-08-01T21:10:02.857Z [32minfo[39m: 	Conectado a MongoDB
2021-08-01T21:10:02.863Z [32minfo[39m: 	Conectado a MongoDB
2021-08-01T21:10:02.870Z [32minfo[39m: 	Conectado a MongoDB
2021-08-01T21:10:02.927Z [32minfo[39m: 	Conectado a MongoDB
2021-08-01T21:10:02.931Z [32minfo[39m: 	Conectado a MongoDB
2021-08-01T21:10:02.959Z [32minfo[39m: 	Conectado a MongoDB
2021-08-01T21:10:02.961Z [32minfo[39m: 	Conectado a MongoDB
2021-08-01T21:10:03.016Z [32minfo[39m: 	Conectado a MongoDB
2021-08-01T21:13:42.502Z [32minfo[39m: 	Servidor corriendo en puerto 8080
2021-08-01T21:14:08.529Z [32minfo[39m: 	Servidor corriendo en puerto 8080
2021-08-01T21:14:08.538Z [32minfo[39m: 	Servidor corriendo en puerto 8080
2021-08-01T21:14:08.541Z [32minfo[39m: 	Servidor corriendo en puerto 8080
2021-08-01T21:14:08.596Z [32minfo[39m: 	Servidor corriendo en puerto 8080
2021-08-01T21:14:08.612Z [32minfo[39m: 	Servidor corriendo en puerto 8080
2021-08-01T21:14:08.638Z [32minfo[39m: 	Servidor corriendo en puerto 8080
2021-08-01T21:14:08.638Z [32minfo[39m: 	Servidor corriendo en puerto 8080
2021-08-01T21:14:08.652Z [32minfo[39m: 	Servidor corriendo en puerto 8080
2021-08-01T21:14:30.383Z [32minfo[39m: 	Conectado a MongoDB
2021-08-01T21:14:30.376Z [32minfo[39m: 	Conectado a MongoDB
2021-08-01T21:14:30.396Z [32minfo[39m: 	Conectado a MongoDB
2021-08-01T21:14:30.400Z [32minfo[39m: 	Conectado a MongoDB
2021-08-01T21:14:30.402Z [32minfo[39m: 	Conectado a MongoDB
2021-08-01T21:14:30.415Z [32minfo[39m: 	Conectado a MongoDB
2021-08-01T21:14:30.460Z [32minfo[39m: 	Conectado a MongoDB
2021-08-01T21:14:30.466Z [32minfo[39m: 	Conectado a MongoDB
2021-08-01T21:17:54.384Z [32minfo[39m: 	Servidor corriendo en puerto 8080
2021-08-01T21:18:16.551Z [32minfo[39m: 	Conectado a MongoDB
2021-08-01T21:20:02.521Z [32minfo[39m: 	Servidor corriendo en puerto 8080
2021-08-01T21:20:24.736Z [32minfo[39m: 	Conectado a MongoDB
2021-08-01T21:21:33.280Z [32minfo[39m: 	Servidor corriendo en puerto 8080
2021-08-01T21:21:33.320Z [32minfo[39m: 	Servidor corriendo en puerto 8080
2021-08-01T21:21:33.331Z [32minfo[39m: 	Servidor corriendo en puerto 8080
2021-08-01T21:21:33.331Z [32minfo[39m: 	Servidor corriendo en puerto 8080
2021-08-01T21:21:33.363Z [32minfo[39m: 	Servidor corriendo en puerto 8080
2021-08-01T21:21:33.395Z [32minfo[39m: 	Servidor corriendo en puerto 8080
2021-08-01T21:21:33.394Z [32minfo[39m: 	Servidor corriendo en puerto 8080
2021-08-01T21:21:33.421Z [32minfo[39m: 	Servidor corriendo en puerto 8080
2021-08-01T21:21:55.114Z [32minfo[39m: 	Conectado a MongoDB
2021-08-01T21:21:55.144Z [32minfo[39m: 	Conectado a MongoDB
2021-08-01T21:21:55.243Z [32minfo[39m: 	Conectado a MongoDB
2021-08-01T21:21:55.243Z [32minfo[39m: 	Conectado a MongoDB
2021-08-01T21:21:55.244Z [32minfo[39m: 	Conectado a MongoDB
2021-08-01T21:21:55.277Z [32minfo[39m: 	Conectado a MongoDB
2021-08-01T21:21:55.299Z [32minfo[39m: 	Conectado a MongoDB
2021-08-01T21:21:55.300Z [32minfo[39m: 	Conectado a MongoDB
2021-08-01T21:24:04.811Z [32minfo[39m: 	Servidor corriendo en puerto 8080
2021-08-01T22:15:06.524Z [32minfo[39m: 	Servidor corriendo en puerto 8080
2021-08-01T22:15:28.488Z [32minfo[39m: 	Conectado a MongoDB
2021-08-01T22:18:09.300Z [32minfo[39m: 	Servidor corriendo en puerto 8080
2021-08-01T22:18:13.574Z [32minfo[39m: 	Servidor corriendo en puerto 8080
2021-08-01T22:18:17.558Z [32minfo[39m: 	Servidor corriendo en puerto 8080
2021-08-01T22:18:25.106Z [32minfo[39m: 	Servidor corriendo en puerto 8080
2021-08-01T22:18:26.427Z [32minfo[39m: 	Servidor corriendo en puerto 8080
2021-08-01T22:18:28.868Z [32minfo[39m: 	Servidor corriendo en puerto 8080
2021-08-01T22:18:51.085Z [32minfo[39m: 	Conectado a MongoDB
2021-08-01T22:20:23.402Z [32minfo[39m: 	Servidor corriendo en puerto 8080
2021-08-01T22:20:25.320Z [32minfo[39m: 	Servidor corriendo en puerto 8080
2021-08-01T22:20:26.725Z [32minfo[39m: 	Servidor corriendo en puerto 8080
2021-08-01T22:20:32.165Z [32minfo[39m: 	Servidor corriendo en puerto 8080
2021-08-01T22:20:33.940Z [32minfo[39m: 	Servidor corriendo en puerto 8080
2021-08-01T22:20:37.890Z [32minfo[39m: 	Servidor corriendo en puerto 8080
2021-08-01T22:20:41.964Z [32minfo[39m: 	Servidor corriendo en puerto 8080
2021-08-01T22:20:45.422Z [32minfo[39m: 	Servidor corriendo en puerto 8080
2021-08-01T22:20:51.283Z [32minfo[39m: 	Servidor corriendo en puerto 8080
2021-08-01T22:21:13.453Z [32minfo[39m: 	Conectado a MongoDB
2021-08-01T22:21:34.072Z [32minfo[39m: 	Servidor corriendo en puerto 8080
2021-08-01T22:21:50.024Z [32minfo[39m: 	Servidor corriendo en puerto 8080
2021-08-01T22:21:56.504Z [32minfo[39m: 	Servidor corriendo en puerto 8080
2021-08-01T22:21:59.225Z [32minfo[39m: 	Servidor corriendo en puerto 8080
2021-08-01T22:22:17.135Z [32minfo[39m: 	Servidor corriendo en puerto 8080
2021-08-01T22:22:19.708Z [32minfo[39m: 	Servidor corriendo en puerto 8080
2021-08-01T22:22:34.237Z [32minfo[39m: 	Servidor corriendo en puerto 8080
2021-08-01T22:22:37.835Z [32minfo[39m: 	Servidor corriendo en puerto 8080
2021-08-01T22:22:40.641Z [32minfo[39m: 	Servidor corriendo en puerto 8080
2021-08-01T22:22:42.248Z [32minfo[39m: 	Servidor corriendo en puerto 8080
2021-08-01T22:23:04.396Z [32minfo[39m: 	Conectado a MongoDB
2021-08-01T22:25:21.148Z [32minfo[39m: 	Servidor corriendo en puerto 8080
2021-08-01T22:25:31.426Z [32minfo[39m: 	Servidor corriendo en puerto 8080
2021-08-01T22:25:35.424Z [32minfo[39m: 	Servidor corriendo en puerto 8080
2021-08-01T22:25:38.586Z [32minfo[39m: 	Servidor corriendo en puerto 8080
2021-08-01T22:25:40.471Z [32minfo[39m: 	Servidor corriendo en puerto 8080
2021-08-01T22:25:43.447Z [32minfo[39m: 	Servidor corriendo en puerto 8080
2021-08-01T22:25:46.265Z [32minfo[39m: 	Servidor corriendo en puerto 8080
2021-08-01T22:25:54.689Z [32minfo[39m: 	Servidor corriendo en puerto 8080
2021-08-01T22:26:06.196Z [32minfo[39m: 	Servidor corriendo en puerto 8080
2021-08-01T22:26:22.353Z [32minfo[39m: 	Servidor corriendo en puerto 8080
2021-08-01T22:26:27.795Z [32minfo[39m: 	Servidor corriendo en puerto 8080
2021-08-01T22:26:37.082Z [32minfo[39m: 	Servidor corriendo en puerto 8080
2021-08-01T22:26:44.290Z [32minfo[39m: 	Servidor corriendo en puerto 8080
2021-08-01T22:26:48.538Z [32minfo[39m: 	Servidor corriendo en puerto 8080
2021-08-01T22:27:02.139Z [32minfo[39m: 	Servidor corriendo en puerto 8080
2021-08-01T22:27:07.387Z [32minfo[39m: 	Servidor corriendo en puerto 8080
2021-08-01T22:27:13.591Z [32minfo[39m: 	Servidor corriendo en puerto 8080
2021-08-01T22:27:30.982Z [32minfo[39m: 	Servidor corriendo en puerto 8080
2021-08-01T22:29:17.242Z [32minfo[39m: 	Servidor corriendo en puerto 8080
2021-08-01T22:29:44.563Z [32minfo[39m: 	Conectado a MongoDB
2021-08-01T22:30:00.569Z [32minfo[39m: 	Correo enviado: [object Object]
